  airSniping.cpp
  collecting.cpp
  demolishing.cpp
  dropping.cpp
  dropping1T.cpp
  dropping1T1V.cpp
  fighting.cpp
  healing.cpp
  killingMine.cpp
  blocking.cpp
  checking.cpp
  destroying.cpp
  executing.cpp
  guarding.cpp
  laying.cpp
  layingBack.cpp
  patrollingBases.cpp
  behavior.cpp
  behaviorType.cpp
  chasing.cpp
  Compiling...
  constructing.cpp
  defaultBehavior.cpp
  exploring.cpp
  fleeing.cpp
behavior\fleeing.cpp : warning C4819: The file contains a character that cannot be represented in the current code page (936). Save the file in Unicode format to prevent data loss
  harassing.cpp
  kiting.cpp
  mining.cpp
  raiding.cpp
  razing.cpp
  refining.cpp
  repairing.cpp
  retraiting.cpp
  scouting.cpp
  sieging.cpp
  sniping.cpp
  supplementing.cpp
  vchasing.cpp
  walking.cpp
  EasyBMP.cpp
  area.cpp
  base.cpp
  bwapiExt.cpp
  bwem.cpp
  cp.cpp
  examples.cpp
  exampleWall.cpp
  graph.cpp
  gridMap.cpp
  map.cpp
  mapDrawer.cpp
  mapImpl.cpp
  mapPrinter.cpp
  neutral.cpp
  tiles.cpp
  utils.cpp
  winutils.cpp
  debug.cpp
  dllmain.cpp
  infoDrawer.cpp
infoDrawer.cpp(96): warning C4100: 'command' : unreferenced formal parameter
  interactive.cpp
  Iron.cpp
  myassert.cpp
  Source.cpp
  utils.cpp
  vect.cpp
  baseDefense.cpp
  berserker.cpp
  cannonRush.cpp
  dragoonRush.cpp
  firstDepotPlacement.cpp
  goliathRush.cpp
  lateCore.cpp
  massHydra.cpp
  protossGreedy.cpp
  secondDepotPlacement.cpp
  stone.cpp
  terranFastExpand.cpp
  walling.cpp
  workerRush.cpp
  shallowTwo.cpp
  earlyRunBy.cpp
  workerDefense.cpp
  expand.cpp
  fight.cpp
strategy\fight.cpp(346): warning C4100: 'textCol' : unreferenced formal parameter
strategy\fight.cpp(346): warning C4100: 'col' : unreferenced formal parameter
  firstBarracksPlacement.cpp
  Compiling...
  firstFactoryPlacement.cpp
  freeTurrets.cpp
  groupAttack.cpp
  groupAttackSCV.cpp
  killMines.cpp
  marineRush.cpp
  mineAttack.cpp
  mineSpots.cpp
  surround.cpp
strategy\surround.cpp(182): warning C4100: 'textCol' : unreferenced formal parameter
strategy\surround.cpp(182): warning C4100: 'col' : unreferenced formal parameter
  patrolBases.cpp
  dropThreat.cpp
  scan.cpp
  strat.cpp
  strategy.cpp
  unblockTraffic.cpp
  wraithAttack.cpp
  wraithRush.cpp
  zealotRush.cpp
  zerglingRush.cpp
  vgridMap.cpp
  stronghold.cpp
  varea.cpp
  vbase.cpp
  vcp.cpp
  vmap.cpp
  wall.cpp
  academy.cpp
  armory.cpp
  army.cpp
  barracks.cpp
  bunker.cpp
  bwapiUnits.cpp
  cc.cpp
  comsat.cpp
  cost.cpp
  critters.cpp
  depot.cpp
  ebay.cpp
  expert.cpp
  faceOff.cpp
  factory.cpp
  fightSim.cpp
  him.cpp
  his.cpp
  me.cpp
  my.cpp
  Compiling...
  production.cpp
  refinery.cpp
  scienceFacility.cpp
  shop.cpp
  starport.cpp
  tower.cpp
  turret.cpp
     Creating library C:\Users\Admin\Documents\GitHub\iron_bot_for_sc1\Release\Iron.lib and object C:\Users\Admin\Documents\GitHub\iron_bot_for_sc1\Release\Iron.exp
  Generating code
  Finished generating code
  Iron.vcxproj -> C:\Users\Admin\Documents\GitHub\iron_bot_for_sc1\Release\Iron.dll
